INFO  @ Thu, 01 Jun 2023 15:04:31: 
# Command line: callpeak -t data/deduplicated/SRR8315181.sorted.bam data/deduplicated/SRR8315180.sorted.bam data/deduplicated/SRR8315182.sorted.bam -c data/deduplicated/SRR8315192.sorted.bam -f BAM --bdg --SPMR -g hs --keep-dup all -q 0.05 -n E2_merged --outdir output/macs2/ERa
# ARGUMENTS LIST:
# name = E2_merged
# format = BAM
# ChIP-seq file = ['data/deduplicated/SRR8315181.sorted.bam', 'data/deduplicated/SRR8315180.sorted.bam', 'data/deduplicated/SRR8315182.sorted.bam']
# control file = ['data/deduplicated/SRR8315192.sorted.bam']
# effective genome size = 2.70e+09
# band width = 300
# model fold = [5, 50]
# qvalue cutoff = 5.00e-02
# The maximum gap between significant sites is assigned as the read length/tag size.
# The minimum length of peaks is assigned as the predicted fragment length "d".
# Larger dataset will be scaled towards smaller dataset.
# Range for calculating regional lambda is: 1000 bps and 10000 bps
# Broad region calling is off
# Paired-End mode is off
# MACS will save fragment pileup signal per million reads
 
INFO  @ Thu, 01 Jun 2023 15:04:31: #1 read tag files... 
INFO  @ Thu, 01 Jun 2023 15:04:31: #1 read treatment tags... 
INFO  @ Thu, 01 Jun 2023 15:04:44:  1000000 
INFO  @ Thu, 01 Jun 2023 15:04:57:  2000000 
INFO  @ Thu, 01 Jun 2023 15:05:11:  3000000 
INFO  @ Thu, 01 Jun 2023 15:05:24:  4000000 
INFO  @ Thu, 01 Jun 2023 15:05:37:  5000000 
INFO  @ Thu, 01 Jun 2023 15:05:51:  6000000 
INFO  @ Thu, 01 Jun 2023 15:06:04:  7000000 
INFO  @ Thu, 01 Jun 2023 15:06:17:  8000000 
INFO  @ Thu, 01 Jun 2023 15:06:30:  9000000 
INFO  @ Thu, 01 Jun 2023 15:06:44:  10000000 
INFO  @ Thu, 01 Jun 2023 15:06:57:  11000000 
INFO  @ Thu, 01 Jun 2023 15:07:10:  12000000 
INFO  @ Thu, 01 Jun 2023 15:07:24:  13000000 
INFO  @ Thu, 01 Jun 2023 15:07:37:  14000000 
INFO  @ Thu, 01 Jun 2023 15:07:51:  15000000 
INFO  @ Thu, 01 Jun 2023 15:08:04:  16000000 
INFO  @ Thu, 01 Jun 2023 15:08:17:  17000000 
INFO  @ Thu, 01 Jun 2023 15:08:25: 17581871 reads have been read. 
INFO  @ Thu, 01 Jun 2023 15:08:39:  1000000 
INFO  @ Thu, 01 Jun 2023 15:08:54:  2000000 
INFO  @ Thu, 01 Jun 2023 15:09:08:  3000000 
INFO  @ Thu, 01 Jun 2023 15:09:22:  4000000 
INFO  @ Thu, 01 Jun 2023 15:09:36:  5000000 
INFO  @ Thu, 01 Jun 2023 15:09:50:  6000000 
INFO  @ Thu, 01 Jun 2023 15:10:04:  7000000 
INFO  @ Thu, 01 Jun 2023 15:10:19:  8000000 
INFO  @ Thu, 01 Jun 2023 15:10:33:  9000000 
