INFO  @ Sun, 04 Jun 2023 01:04:43: 
# Command line: callpeak -t data/deduplicated/SRR8315183.sorted.bam data/deduplicated/SRR8315185.sorted.bam data/deduplicated/SRR8315184.sorted.bam -c data/deduplicated/SRR8315192.sorted.bam -f BAM --bdg --SPMR -g hs --keep-dup all -q 0.05 -n E2DHT_merged --outdir output/macs2/ERa
# ARGUMENTS LIST:
# name = E2DHT_merged
# format = BAM
# ChIP-seq file = ['data/deduplicated/SRR8315183.sorted.bam', 'data/deduplicated/SRR8315185.sorted.bam', 'data/deduplicated/SRR8315184.sorted.bam']
# control file = ['data/deduplicated/SRR8315192.sorted.bam']
# effective genome size = 2.70e+09
# band width = 300
# model fold = [5, 50]
# qvalue cutoff = 5.00e-02
# The maximum gap between significant sites is assigned as the read length/tag size.
# The minimum length of peaks is assigned as the predicted fragment length "d".
# Larger dataset will be scaled towards smaller dataset.
# Range for calculating regional lambda is: 1000 bps and 10000 bps
# Broad region calling is off
# Paired-End mode is off
# MACS will save fragment pileup signal per million reads
 
INFO  @ Sun, 04 Jun 2023 01:04:43: #1 read tag files... 
INFO  @ Sun, 04 Jun 2023 01:04:43: #1 read treatment tags... 
INFO  @ Sun, 04 Jun 2023 01:04:45:  1000000 
INFO  @ Sun, 04 Jun 2023 01:04:47:  2000000 
INFO  @ Sun, 04 Jun 2023 01:04:49:  3000000 
INFO  @ Sun, 04 Jun 2023 01:04:52:  4000000 
INFO  @ Sun, 04 Jun 2023 01:04:53:  5000000 
INFO  @ Sun, 04 Jun 2023 01:04:55:  6000000 
INFO  @ Sun, 04 Jun 2023 01:04:57:  7000000 
INFO  @ Sun, 04 Jun 2023 01:05:00:  8000000 
INFO  @ Sun, 04 Jun 2023 01:05:02:  9000000 
INFO  @ Sun, 04 Jun 2023 01:05:04:  10000000 
INFO  @ Sun, 04 Jun 2023 01:05:06:  11000000 
INFO  @ Sun, 04 Jun 2023 01:05:09:  12000000 
INFO  @ Sun, 04 Jun 2023 01:05:11:  13000000 
INFO  @ Sun, 04 Jun 2023 01:05:13:  14000000 
INFO  @ Sun, 04 Jun 2023 01:05:15:  15000000 
INFO  @ Sun, 04 Jun 2023 01:05:17:  16000000 
INFO  @ Sun, 04 Jun 2023 01:05:18: 16208256 reads have been read. 
INFO  @ Sun, 04 Jun 2023 01:05:20:  1000000 
INFO  @ Sun, 04 Jun 2023 01:05:22:  2000000 
INFO  @ Sun, 04 Jun 2023 01:05:25:  3000000 
INFO  @ Sun, 04 Jun 2023 01:05:27:  4000000 
INFO  @ Sun, 04 Jun 2023 01:05:29:  5000000 
INFO  @ Sun, 04 Jun 2023 01:05:31:  6000000 
INFO  @ Sun, 04 Jun 2023 01:05:33:  7000000 
INFO  @ Sun, 04 Jun 2023 01:05:36:  8000000 
INFO  @ Sun, 04 Jun 2023 01:05:38:  9000000 
INFO  @ Sun, 04 Jun 2023 01:05:41:  10000000 
INFO  @ Sun, 04 Jun 2023 01:05:43:  11000000 
INFO  @ Sun, 04 Jun 2023 01:05:45:  12000000 
INFO  @ Sun, 04 Jun 2023 01:05:47:  13000000 
INFO  @ Sun, 04 Jun 2023 01:05:50:  14000000 
INFO  @ Sun, 04 Jun 2023 01:05:52:  15000000 
INFO  @ Sun, 04 Jun 2023 01:05:54:  16000000 
INFO  @ Sun, 04 Jun 2023 01:05:57:  17000000 
INFO  @ Sun, 04 Jun 2023 01:05:59:  18000000 
INFO  @ Sun, 04 Jun 2023 01:05:59: 18061306 reads have been read. 
INFO  @ Sun, 04 Jun 2023 01:06:01:  1000000 
INFO  @ Sun, 04 Jun 2023 01:06:04:  2000000 
INFO  @ Sun, 04 Jun 2023 01:06:06:  3000000 
INFO  @ Sun, 04 Jun 2023 01:06:08:  4000000 
INFO  @ Sun, 04 Jun 2023 01:06:10:  5000000 
INFO  @ Sun, 04 Jun 2023 01:06:12:  6000000 
INFO  @ Sun, 04 Jun 2023 01:06:15:  7000000 
INFO  @ Sun, 04 Jun 2023 01:06:17:  8000000 
INFO  @ Sun, 04 Jun 2023 01:06:19:  9000000 
INFO  @ Sun, 04 Jun 2023 01:06:21:  10000000 
INFO  @ Sun, 04 Jun 2023 01:06:23:  11000000 
INFO  @ Sun, 04 Jun 2023 01:06:26:  12000000 
INFO  @ Sun, 04 Jun 2023 01:06:28:  13000000 
INFO  @ Sun, 04 Jun 2023 01:06:30:  14000000 
INFO  @ Sun, 04 Jun 2023 01:06:32:  15000000 
INFO  @ Sun, 04 Jun 2023 01:06:34:  16000000 
INFO  @ Sun, 04 Jun 2023 01:06:37:  17000000 
INFO  @ Sun, 04 Jun 2023 01:06:39:  18000000 
INFO  @ Sun, 04 Jun 2023 01:06:39: 18270619 reads have been read. 
INFO  @ Sun, 04 Jun 2023 01:06:41: #1.2 read input tags... 
INFO  @ Sun, 04 Jun 2023 01:06:43:  1000000 
INFO  @ Sun, 04 Jun 2023 01:06:45:  2000000 
INFO  @ Sun, 04 Jun 2023 01:06:47:  3000000 
INFO  @ Sun, 04 Jun 2023 01:06:50:  4000000 
INFO  @ Sun, 04 Jun 2023 01:06:52:  5000000 
INFO  @ Sun, 04 Jun 2023 01:06:54:  6000000 
INFO  @ Sun, 04 Jun 2023 01:06:56:  7000000 
INFO  @ Sun, 04 Jun 2023 01:06:59:  8000000 
INFO  @ Sun, 04 Jun 2023 01:07:01:  9000000 
INFO  @ Sun, 04 Jun 2023 01:07:03:  10000000 
INFO  @ Sun, 04 Jun 2023 01:07:05:  11000000 
INFO  @ Sun, 04 Jun 2023 01:07:08:  12000000 
INFO  @ Sun, 04 Jun 2023 01:07:10:  13000000 
INFO  @ Sun, 04 Jun 2023 01:07:12:  14000000 
INFO  @ Sun, 04 Jun 2023 01:07:14:  15000000 
INFO  @ Sun, 04 Jun 2023 01:07:17:  16000000 
INFO  @ Sun, 04 Jun 2023 01:07:19:  17000000 
INFO  @ Sun, 04 Jun 2023 01:07:21:  18000000 
INFO  @ Sun, 04 Jun 2023 01:07:23:  19000000 
INFO  @ Sun, 04 Jun 2023 01:07:24: 19309861 reads have been read. 
INFO  @ Sun, 04 Jun 2023 01:07:24: #1 tag size is determined as 66 bps 
INFO  @ Sun, 04 Jun 2023 01:07:24: #1 tag size = 66.0 
INFO  @ Sun, 04 Jun 2023 01:07:24: #1  total tags in treatment: 52540181 
INFO  @ Sun, 04 Jun 2023 01:07:24: #1  total tags in control: 19309861 
INFO  @ Sun, 04 Jun 2023 01:07:24: #1 finished! 
INFO  @ Sun, 04 Jun 2023 01:07:24: #2 Build Peak Model... 
INFO  @ Sun, 04 Jun 2023 01:07:24: #2 looking for paired plus/minus strand peaks... 
INFO  @ Sun, 04 Jun 2023 01:07:30: #2 number of paired peaks: 8005 
INFO  @ Sun, 04 Jun 2023 01:07:30: start model_add_line... 
INFO  @ Sun, 04 Jun 2023 01:07:32: start X-correlation... 
INFO  @ Sun, 04 Jun 2023 01:07:32: end of X-cor 
INFO  @ Sun, 04 Jun 2023 01:07:32: #2 finished! 
INFO  @ Sun, 04 Jun 2023 01:07:32: #2 predicted fragment length is 173 bps 
INFO  @ Sun, 04 Jun 2023 01:07:32: #2 alternative fragment length(s) may be 173 bps 
INFO  @ Sun, 04 Jun 2023 01:07:32: #2.2 Generate R script for model : output/macs2/ERa/E2DHT_merged_model.r 
INFO  @ Sun, 04 Jun 2023 01:07:32: #3 Call peaks... 
INFO  @ Sun, 04 Jun 2023 01:07:32: #3 Pre-compute pvalue-qvalue table... 
INFO  @ Sun, 04 Jun 2023 01:09:39: #3 In the peak calling step, the following will be performed simultaneously: 
INFO  @ Sun, 04 Jun 2023 01:09:39: #3   Write bedGraph files for treatment pileup (after scaling if necessary)... E2DHT_merged_treat_pileup.bdg 
INFO  @ Sun, 04 Jun 2023 01:09:39: #3   Write bedGraph files for control lambda (after scaling if necessary)... E2DHT_merged_control_lambda.bdg 
INFO  @ Sun, 04 Jun 2023 01:09:39: #3   --SPMR is requested, so pileup will be normalized by sequencing depth in million reads. 
INFO  @ Sun, 04 Jun 2023 01:09:39: #3 Call peaks for each chromosome... 
INFO  @ Sun, 04 Jun 2023 01:12:07: #4 Write output xls file... output/macs2/ERa/E2DHT_merged_peaks.xls 
INFO  @ Sun, 04 Jun 2023 01:12:07: #4 Write peak in narrowPeak format file... output/macs2/ERa/E2DHT_merged_peaks.narrowPeak 
INFO  @ Sun, 04 Jun 2023 01:12:07: #4 Write summits bed file... output/macs2/ERa/E2DHT_merged_summits.bed 
INFO  @ Sun, 04 Jun 2023 01:12:08: Done! 
