INFO  @ Sun, 04 Jun 2023 01:32:13: 
# Command line: callpeak -t data/deduplicated/SRR8315180.sorted.bam -c data/deduplicated/SRR8315192.sorted.bam -f BAM --bdg --SPMR -g hs --keep-dup all -q 0.05 -n SRR8315180 --outdir output/macs2/SRR8315180
# ARGUMENTS LIST:
# name = SRR8315180
# format = BAM
# ChIP-seq file = ['data/deduplicated/SRR8315180.sorted.bam']
# control file = ['data/deduplicated/SRR8315192.sorted.bam']
# effective genome size = 2.70e+09
# band width = 300
# model fold = [5, 50]
# qvalue cutoff = 5.00e-02
# The maximum gap between significant sites is assigned as the read length/tag size.
# The minimum length of peaks is assigned as the predicted fragment length "d".
# Larger dataset will be scaled towards smaller dataset.
# Range for calculating regional lambda is: 1000 bps and 10000 bps
# Broad region calling is off
# Paired-End mode is off
# MACS will save fragment pileup signal per million reads
 
INFO  @ Sun, 04 Jun 2023 01:32:13: #1 read tag files... 
INFO  @ Sun, 04 Jun 2023 01:32:13: #1 read treatment tags... 
INFO  @ Sun, 04 Jun 2023 01:32:14:  1000000 
INFO  @ Sun, 04 Jun 2023 01:32:16:  2000000 
INFO  @ Sun, 04 Jun 2023 01:32:18:  3000000 
INFO  @ Sun, 04 Jun 2023 01:32:20:  4000000 
INFO  @ Sun, 04 Jun 2023 01:32:21:  5000000 
INFO  @ Sun, 04 Jun 2023 01:32:23:  6000000 
INFO  @ Sun, 04 Jun 2023 01:32:25:  7000000 
INFO  @ Sun, 04 Jun 2023 01:32:27:  8000000 
INFO  @ Sun, 04 Jun 2023 01:32:28:  9000000 
INFO  @ Sun, 04 Jun 2023 01:32:30:  10000000 
INFO  @ Sun, 04 Jun 2023 01:32:32:  11000000 
INFO  @ Sun, 04 Jun 2023 01:32:33:  12000000 
INFO  @ Sun, 04 Jun 2023 01:32:35:  13000000 
INFO  @ Sun, 04 Jun 2023 01:32:37:  14000000 
INFO  @ Sun, 04 Jun 2023 01:32:39:  15000000 
INFO  @ Sun, 04 Jun 2023 01:32:40:  16000000 
INFO  @ Sun, 04 Jun 2023 01:32:41: 16373508 reads have been read. 
INFO  @ Sun, 04 Jun 2023 01:32:41: #1.2 read input tags... 
INFO  @ Sun, 04 Jun 2023 01:32:43:  1000000 
INFO  @ Sun, 04 Jun 2023 01:32:44:  2000000 
INFO  @ Sun, 04 Jun 2023 01:32:46:  3000000 
INFO  @ Sun, 04 Jun 2023 01:32:48:  4000000 
INFO  @ Sun, 04 Jun 2023 01:32:49:  5000000 
INFO  @ Sun, 04 Jun 2023 01:32:51:  6000000 
INFO  @ Sun, 04 Jun 2023 01:32:53:  7000000 
INFO  @ Sun, 04 Jun 2023 01:32:55:  8000000 
INFO  @ Sun, 04 Jun 2023 01:32:56:  9000000 
INFO  @ Sun, 04 Jun 2023 01:32:58:  10000000 
INFO  @ Sun, 04 Jun 2023 01:33:00:  11000000 
INFO  @ Sun, 04 Jun 2023 01:33:01:  12000000 
INFO  @ Sun, 04 Jun 2023 01:33:03:  13000000 
INFO  @ Sun, 04 Jun 2023 01:33:05:  14000000 
INFO  @ Sun, 04 Jun 2023 01:33:07:  15000000 
INFO  @ Sun, 04 Jun 2023 01:33:08:  16000000 
INFO  @ Sun, 04 Jun 2023 01:33:10:  17000000 
INFO  @ Sun, 04 Jun 2023 01:33:12:  18000000 
INFO  @ Sun, 04 Jun 2023 01:33:13:  19000000 
INFO  @ Sun, 04 Jun 2023 01:33:14: 19309861 reads have been read. 
INFO  @ Sun, 04 Jun 2023 01:33:14: #1 tag size is determined as 68 bps 
INFO  @ Sun, 04 Jun 2023 01:33:14: #1 tag size = 68.0 
INFO  @ Sun, 04 Jun 2023 01:33:14: #1  total tags in treatment: 16373508 
INFO  @ Sun, 04 Jun 2023 01:33:14: #1  total tags in control: 19309861 
INFO  @ Sun, 04 Jun 2023 01:33:14: #1 finished! 
INFO  @ Sun, 04 Jun 2023 01:33:14: #2 Build Peak Model... 
INFO  @ Sun, 04 Jun 2023 01:33:14: #2 looking for paired plus/minus strand peaks... 
INFO  @ Sun, 04 Jun 2023 01:33:16: #2 number of paired peaks: 6960 
INFO  @ Sun, 04 Jun 2023 01:33:16: start model_add_line... 
INFO  @ Sun, 04 Jun 2023 01:33:16: start X-correlation... 
INFO  @ Sun, 04 Jun 2023 01:33:16: end of X-cor 
INFO  @ Sun, 04 Jun 2023 01:33:16: #2 finished! 
INFO  @ Sun, 04 Jun 2023 01:33:16: #2 predicted fragment length is 155 bps 
INFO  @ Sun, 04 Jun 2023 01:33:16: #2 alternative fragment length(s) may be 155 bps 
INFO  @ Sun, 04 Jun 2023 01:33:16: #2.2 Generate R script for model : output/macs2/SRR8315180/SRR8315180_model.r 
INFO  @ Sun, 04 Jun 2023 01:33:16: #3 Call peaks... 
INFO  @ Sun, 04 Jun 2023 01:33:16: #3 Pre-compute pvalue-qvalue table... 
INFO  @ Sun, 04 Jun 2023 01:34:21: #3 In the peak calling step, the following will be performed simultaneously: 
INFO  @ Sun, 04 Jun 2023 01:34:21: #3   Write bedGraph files for treatment pileup (after scaling if necessary)... SRR8315180_treat_pileup.bdg 
INFO  @ Sun, 04 Jun 2023 01:34:21: #3   Write bedGraph files for control lambda (after scaling if necessary)... SRR8315180_control_lambda.bdg 
INFO  @ Sun, 04 Jun 2023 01:34:21: #3   --SPMR is requested, so pileup will be normalized by sequencing depth in million reads. 
INFO  @ Sun, 04 Jun 2023 01:34:21: #3 Call peaks for each chromosome... 
INFO  @ Sun, 04 Jun 2023 01:35:24: #4 Write output xls file... output/macs2/SRR8315180/SRR8315180_peaks.xls 
INFO  @ Sun, 04 Jun 2023 01:35:24: #4 Write peak in narrowPeak format file... output/macs2/SRR8315180/SRR8315180_peaks.narrowPeak 
INFO  @ Sun, 04 Jun 2023 01:35:24: #4 Write summits bed file... output/macs2/SRR8315180/SRR8315180_summits.bed 
INFO  @ Sun, 04 Jun 2023 01:35:24: Done! 
