INFO  @ Fri, 23 Jun 2023 12:13:44: 
# Command line: callpeak -t data/deduplicated/SRR8315177.sorted.bam data/deduplicated/SRR8315179.sorted.bam data/deduplicated/SRR8315178.sorted.bam -c data/deduplicated/SRR8315192.sorted.bam -f BAM --bdg --SPMR -g hs --keep-dup all -q 0.05 -n E2DHT_merged --outdir output/macs2/AR
# ARGUMENTS LIST:
# name = E2DHT_merged
# format = BAM
# ChIP-seq file = ['data/deduplicated/SRR8315177.sorted.bam', 'data/deduplicated/SRR8315179.sorted.bam', 'data/deduplicated/SRR8315178.sorted.bam']
# control file = ['data/deduplicated/SRR8315192.sorted.bam']
# effective genome size = 2.70e+09
# band width = 300
# model fold = [5, 50]
# qvalue cutoff = 5.00e-02
# The maximum gap between significant sites is assigned as the read length/tag size.
# The minimum length of peaks is assigned as the predicted fragment length "d".
# Larger dataset will be scaled towards smaller dataset.
# Range for calculating regional lambda is: 1000 bps and 10000 bps
# Broad region calling is off
# Paired-End mode is off
# MACS will save fragment pileup signal per million reads
 
INFO  @ Fri, 23 Jun 2023 12:13:44: #1 read tag files... 
INFO  @ Fri, 23 Jun 2023 12:13:44: #1 read treatment tags... 
INFO  @ Fri, 23 Jun 2023 12:13:46:  1000000 
INFO  @ Fri, 23 Jun 2023 12:13:47:  2000000 
INFO  @ Fri, 23 Jun 2023 12:13:49:  3000000 
INFO  @ Fri, 23 Jun 2023 12:13:51:  4000000 
INFO  @ Fri, 23 Jun 2023 12:13:54:  5000000 
INFO  @ Fri, 23 Jun 2023 12:13:56:  6000000 
INFO  @ Fri, 23 Jun 2023 12:13:58:  7000000 
INFO  @ Fri, 23 Jun 2023 12:14:00:  8000000 
INFO  @ Fri, 23 Jun 2023 12:14:02:  9000000 
INFO  @ Fri, 23 Jun 2023 12:14:03:  10000000 
INFO  @ Fri, 23 Jun 2023 12:14:05:  11000000 
INFO  @ Fri, 23 Jun 2023 12:14:07:  12000000 
INFO  @ Fri, 23 Jun 2023 12:14:09:  13000000 
INFO  @ Fri, 23 Jun 2023 12:14:11:  14000000 
INFO  @ Fri, 23 Jun 2023 12:14:13:  15000000 
INFO  @ Fri, 23 Jun 2023 12:14:15:  16000000 
INFO  @ Fri, 23 Jun 2023 12:14:17:  17000000 
INFO  @ Fri, 23 Jun 2023 12:14:17: 17173150 reads have been read. 
INFO  @ Fri, 23 Jun 2023 12:14:19:  1000000 
INFO  @ Fri, 23 Jun 2023 12:14:21:  2000000 
INFO  @ Fri, 23 Jun 2023 12:14:23:  3000000 
INFO  @ Fri, 23 Jun 2023 12:14:25:  4000000 
INFO  @ Fri, 23 Jun 2023 12:14:27:  5000000 
INFO  @ Fri, 23 Jun 2023 12:14:29:  6000000 
INFO  @ Fri, 23 Jun 2023 12:14:31:  7000000 
INFO  @ Fri, 23 Jun 2023 12:14:33:  8000000 
INFO  @ Fri, 23 Jun 2023 12:14:35:  9000000 
INFO  @ Fri, 23 Jun 2023 12:14:37:  10000000 
INFO  @ Fri, 23 Jun 2023 12:14:38:  11000000 
INFO  @ Fri, 23 Jun 2023 12:14:40:  12000000 
INFO  @ Fri, 23 Jun 2023 12:14:42:  13000000 
INFO  @ Fri, 23 Jun 2023 12:14:44:  14000000 
INFO  @ Fri, 23 Jun 2023 12:14:46:  15000000 
INFO  @ Fri, 23 Jun 2023 12:14:48:  16000000 
INFO  @ Fri, 23 Jun 2023 12:14:50:  17000000 
INFO  @ Fri, 23 Jun 2023 12:14:51: 17729490 reads have been read. 
INFO  @ Fri, 23 Jun 2023 12:14:53:  1000000 
INFO  @ Fri, 23 Jun 2023 12:14:55:  2000000 
INFO  @ Fri, 23 Jun 2023 12:14:57:  3000000 
INFO  @ Fri, 23 Jun 2023 12:14:59:  4000000 
INFO  @ Fri, 23 Jun 2023 12:15:00:  5000000 
INFO  @ Fri, 23 Jun 2023 12:15:02:  6000000 
INFO  @ Fri, 23 Jun 2023 12:15:04:  7000000 
INFO  @ Fri, 23 Jun 2023 12:15:06:  8000000 
INFO  @ Fri, 23 Jun 2023 12:15:08:  9000000 
INFO  @ Fri, 23 Jun 2023 12:15:10:  10000000 
INFO  @ Fri, 23 Jun 2023 12:15:12:  11000000 
INFO  @ Fri, 23 Jun 2023 12:15:14:  12000000 
INFO  @ Fri, 23 Jun 2023 12:15:15:  13000000 
INFO  @ Fri, 23 Jun 2023 12:15:17:  14000000 
INFO  @ Fri, 23 Jun 2023 12:15:19:  15000000 
INFO  @ Fri, 23 Jun 2023 12:15:21:  16000000 
INFO  @ Fri, 23 Jun 2023 12:15:23:  17000000 
INFO  @ Fri, 23 Jun 2023 12:15:24: 17715794 reads have been read. 
INFO  @ Fri, 23 Jun 2023 12:15:26: #1.2 read input tags... 
INFO  @ Fri, 23 Jun 2023 12:15:28:  1000000 
INFO  @ Fri, 23 Jun 2023 12:15:30:  2000000 
INFO  @ Fri, 23 Jun 2023 12:15:31:  3000000 
INFO  @ Fri, 23 Jun 2023 12:15:33:  4000000 
INFO  @ Fri, 23 Jun 2023 12:15:35:  5000000 
INFO  @ Fri, 23 Jun 2023 12:15:37:  6000000 
INFO  @ Fri, 23 Jun 2023 12:15:39:  7000000 
INFO  @ Fri, 23 Jun 2023 12:15:41:  8000000 
INFO  @ Fri, 23 Jun 2023 12:15:43:  9000000 
INFO  @ Fri, 23 Jun 2023 12:15:45:  10000000 
INFO  @ Fri, 23 Jun 2023 12:15:47:  11000000 
INFO  @ Fri, 23 Jun 2023 12:15:49:  12000000 
INFO  @ Fri, 23 Jun 2023 12:15:50:  13000000 
INFO  @ Fri, 23 Jun 2023 12:15:52:  14000000 
INFO  @ Fri, 23 Jun 2023 12:15:54:  15000000 
INFO  @ Fri, 23 Jun 2023 12:15:56:  16000000 
INFO  @ Fri, 23 Jun 2023 12:15:58:  17000000 
INFO  @ Fri, 23 Jun 2023 12:16:00:  18000000 
INFO  @ Fri, 23 Jun 2023 12:16:02:  19000000 
INFO  @ Fri, 23 Jun 2023 12:16:02: 19309861 reads have been read. 
INFO  @ Fri, 23 Jun 2023 12:16:03: #1 tag size is determined as 71 bps 
INFO  @ Fri, 23 Jun 2023 12:16:03: #1 tag size = 71.0 
INFO  @ Fri, 23 Jun 2023 12:16:03: #1  total tags in treatment: 52618434 
INFO  @ Fri, 23 Jun 2023 12:16:03: #1  total tags in control: 19309861 
INFO  @ Fri, 23 Jun 2023 12:16:03: #1 finished! 
INFO  @ Fri, 23 Jun 2023 12:16:03: #2 Build Peak Model... 
INFO  @ Fri, 23 Jun 2023 12:16:03: #2 looking for paired plus/minus strand peaks... 
INFO  @ Fri, 23 Jun 2023 12:16:06: #2 number of paired peaks: 15959 
INFO  @ Fri, 23 Jun 2023 12:16:06: start model_add_line... 
INFO  @ Fri, 23 Jun 2023 12:16:07: start X-correlation... 
INFO  @ Fri, 23 Jun 2023 12:16:07: end of X-cor 
INFO  @ Fri, 23 Jun 2023 12:16:07: #2 finished! 
INFO  @ Fri, 23 Jun 2023 12:16:07: #2 predicted fragment length is 188 bps 
INFO  @ Fri, 23 Jun 2023 12:16:07: #2 alternative fragment length(s) may be 188 bps 
INFO  @ Fri, 23 Jun 2023 12:16:07: #2.2 Generate R script for model : output/macs2/AR/E2DHT_merged_model.r 
INFO  @ Fri, 23 Jun 2023 12:16:07: #3 Call peaks... 
INFO  @ Fri, 23 Jun 2023 12:16:07: #3 Pre-compute pvalue-qvalue table... 
INFO  @ Fri, 23 Jun 2023 12:17:40: #3 In the peak calling step, the following will be performed simultaneously: 
INFO  @ Fri, 23 Jun 2023 12:17:40: #3   Write bedGraph files for treatment pileup (after scaling if necessary)... E2DHT_merged_treat_pileup.bdg 
INFO  @ Fri, 23 Jun 2023 12:17:40: #3   Write bedGraph files for control lambda (after scaling if necessary)... E2DHT_merged_control_lambda.bdg 
INFO  @ Fri, 23 Jun 2023 12:17:40: #3   --SPMR is requested, so pileup will be normalized by sequencing depth in million reads. 
INFO  @ Fri, 23 Jun 2023 12:17:40: #3 Call peaks for each chromosome... 
INFO  @ Fri, 23 Jun 2023 12:19:31: #4 Write output xls file... output/macs2/AR/E2DHT_merged_peaks.xls 
INFO  @ Fri, 23 Jun 2023 12:19:31: #4 Write peak in narrowPeak format file... output/macs2/AR/E2DHT_merged_peaks.narrowPeak 
INFO  @ Fri, 23 Jun 2023 12:19:31: #4 Write summits bed file... output/macs2/AR/E2DHT_merged_summits.bed 
INFO  @ Fri, 23 Jun 2023 12:19:32: Done! 
