INFO  @ Thu, 01 Jun 2023 15:04:38: 
# Command line: callpeak -t data/deduplicated/SRR8315181.sorted.bam -c data/deduplicated/SRR8315192.sorted.bam -f BAM --bdg --SPMR -g hs --keep-dup all -q 0.05 -n SRR8315181 --outdir output/macs2/SRR8315181
# ARGUMENTS LIST:
# name = SRR8315181
# format = BAM
# ChIP-seq file = ['data/deduplicated/SRR8315181.sorted.bam']
# control file = ['data/deduplicated/SRR8315192.sorted.bam']
# effective genome size = 2.70e+09
# band width = 300
# model fold = [5, 50]
# qvalue cutoff = 5.00e-02
# The maximum gap between significant sites is assigned as the read length/tag size.
# The minimum length of peaks is assigned as the predicted fragment length "d".
# Larger dataset will be scaled towards smaller dataset.
# Range for calculating regional lambda is: 1000 bps and 10000 bps
# Broad region calling is off
# Paired-End mode is off
# MACS will save fragment pileup signal per million reads
 
INFO  @ Thu, 01 Jun 2023 15:04:38: #1 read tag files... 
INFO  @ Thu, 01 Jun 2023 15:04:38: #1 read treatment tags... 
INFO  @ Thu, 01 Jun 2023 15:04:51:  1000000 
INFO  @ Thu, 01 Jun 2023 15:05:04:  2000000 
INFO  @ Thu, 01 Jun 2023 15:05:17:  3000000 
INFO  @ Thu, 01 Jun 2023 15:05:30:  4000000 
INFO  @ Thu, 01 Jun 2023 15:05:43:  5000000 
INFO  @ Thu, 01 Jun 2023 15:05:57:  6000000 
INFO  @ Thu, 01 Jun 2023 15:06:10:  7000000 
INFO  @ Thu, 01 Jun 2023 15:06:23:  8000000 
INFO  @ Thu, 01 Jun 2023 15:06:36:  9000000 
INFO  @ Thu, 01 Jun 2023 15:06:49:  10000000 
INFO  @ Thu, 01 Jun 2023 15:07:02:  11000000 
INFO  @ Thu, 01 Jun 2023 15:07:15:  12000000 
INFO  @ Thu, 01 Jun 2023 15:07:28:  13000000 
INFO  @ Thu, 01 Jun 2023 15:07:42:  14000000 
INFO  @ Thu, 01 Jun 2023 15:07:55:  15000000 
INFO  @ Thu, 01 Jun 2023 15:08:08:  16000000 
INFO  @ Thu, 01 Jun 2023 15:08:21:  17000000 
INFO  @ Thu, 01 Jun 2023 15:08:29: 17581871 reads have been read. 
INFO  @ Thu, 01 Jun 2023 15:08:29: #1.2 read input tags... 
INFO  @ Thu, 01 Jun 2023 15:08:42:  1000000 
INFO  @ Thu, 01 Jun 2023 15:08:55:  2000000 
INFO  @ Thu, 01 Jun 2023 15:09:09:  3000000 
INFO  @ Thu, 01 Jun 2023 15:09:22:  4000000 
INFO  @ Thu, 01 Jun 2023 15:09:35:  5000000 
INFO  @ Thu, 01 Jun 2023 15:09:48:  6000000 
INFO  @ Thu, 01 Jun 2023 15:10:01:  7000000 
INFO  @ Thu, 01 Jun 2023 15:10:14:  8000000 
INFO  @ Thu, 01 Jun 2023 15:10:27:  9000000 
