INFO  @ Sun, 04 Jun 2023 01:09:13: 
# Command line: callpeak -t data/deduplicated/SRR8315189.sorted.bam data/deduplicated/SRR8315191.sorted.bam data/deduplicated/SRR8315190.sorted.bam -c data/deduplicated/SRR8315192.sorted.bam -f BAM --bdg --SPMR -g hs --keep-dup all -q 0.05 -n E2DHT_merged --outdir output/macs2/H3K27ac
# ARGUMENTS LIST:
# name = E2DHT_merged
# format = BAM
# ChIP-seq file = ['data/deduplicated/SRR8315189.sorted.bam', 'data/deduplicated/SRR8315191.sorted.bam', 'data/deduplicated/SRR8315190.sorted.bam']
# control file = ['data/deduplicated/SRR8315192.sorted.bam']
# effective genome size = 2.70e+09
# band width = 300
# model fold = [5, 50]
# qvalue cutoff = 5.00e-02
# The maximum gap between significant sites is assigned as the read length/tag size.
# The minimum length of peaks is assigned as the predicted fragment length "d".
# Larger dataset will be scaled towards smaller dataset.
# Range for calculating regional lambda is: 1000 bps and 10000 bps
# Broad region calling is off
# Paired-End mode is off
# MACS will save fragment pileup signal per million reads
 
INFO  @ Sun, 04 Jun 2023 01:09:13: #1 read tag files... 
INFO  @ Sun, 04 Jun 2023 01:09:13: #1 read treatment tags... 
INFO  @ Sun, 04 Jun 2023 01:09:16:  1000000 
INFO  @ Sun, 04 Jun 2023 01:09:18:  2000000 
INFO  @ Sun, 04 Jun 2023 01:09:20:  3000000 
INFO  @ Sun, 04 Jun 2023 01:09:23:  4000000 
INFO  @ Sun, 04 Jun 2023 01:09:25:  5000000 
INFO  @ Sun, 04 Jun 2023 01:09:27:  6000000 
INFO  @ Sun, 04 Jun 2023 01:09:30:  7000000 
INFO  @ Sun, 04 Jun 2023 01:09:32:  8000000 
INFO  @ Sun, 04 Jun 2023 01:09:34:  9000000 
INFO  @ Sun, 04 Jun 2023 01:09:36:  10000000 
INFO  @ Sun, 04 Jun 2023 01:09:38:  11000000 
INFO  @ Sun, 04 Jun 2023 01:09:41:  12000000 
INFO  @ Sun, 04 Jun 2023 01:09:43:  13000000 
INFO  @ Sun, 04 Jun 2023 01:09:45:  14000000 
INFO  @ Sun, 04 Jun 2023 01:09:47:  15000000 
INFO  @ Sun, 04 Jun 2023 01:09:49:  16000000 
INFO  @ Sun, 04 Jun 2023 01:09:49: 16401078 reads have been read. 
INFO  @ Sun, 04 Jun 2023 01:09:51:  1000000 
INFO  @ Sun, 04 Jun 2023 01:09:53:  2000000 
INFO  @ Sun, 04 Jun 2023 01:09:55:  3000000 
INFO  @ Sun, 04 Jun 2023 01:09:56:  4000000 
INFO  @ Sun, 04 Jun 2023 01:09:59:  5000000 
INFO  @ Sun, 04 Jun 2023 01:10:01:  6000000 
INFO  @ Sun, 04 Jun 2023 01:10:04:  7000000 
INFO  @ Sun, 04 Jun 2023 01:10:06:  8000000 
INFO  @ Sun, 04 Jun 2023 01:10:08:  9000000 
INFO  @ Sun, 04 Jun 2023 01:10:10:  10000000 
INFO  @ Sun, 04 Jun 2023 01:10:12:  11000000 
INFO  @ Sun, 04 Jun 2023 01:10:15:  12000000 
INFO  @ Sun, 04 Jun 2023 01:10:17:  13000000 
INFO  @ Sun, 04 Jun 2023 01:10:20:  14000000 
INFO  @ Sun, 04 Jun 2023 01:10:22:  15000000 
INFO  @ Sun, 04 Jun 2023 01:10:24: 15842936 reads have been read. 
INFO  @ Sun, 04 Jun 2023 01:10:27:  1000000 
INFO  @ Sun, 04 Jun 2023 01:10:29:  2000000 
INFO  @ Sun, 04 Jun 2023 01:10:32:  3000000 
INFO  @ Sun, 04 Jun 2023 01:10:34:  4000000 
INFO  @ Sun, 04 Jun 2023 01:10:36:  5000000 
INFO  @ Sun, 04 Jun 2023 01:10:39:  6000000 
INFO  @ Sun, 04 Jun 2023 01:10:41:  7000000 
INFO  @ Sun, 04 Jun 2023 01:10:44:  8000000 
INFO  @ Sun, 04 Jun 2023 01:10:46:  9000000 
INFO  @ Sun, 04 Jun 2023 01:10:48:  10000000 
INFO  @ Sun, 04 Jun 2023 01:10:51:  11000000 
INFO  @ Sun, 04 Jun 2023 01:10:53:  12000000 
INFO  @ Sun, 04 Jun 2023 01:10:56:  13000000 
INFO  @ Sun, 04 Jun 2023 01:10:58:  14000000 
INFO  @ Sun, 04 Jun 2023 01:11:01:  15000000 
INFO  @ Sun, 04 Jun 2023 01:11:03:  16000000 
INFO  @ Sun, 04 Jun 2023 01:11:05:  17000000 
INFO  @ Sun, 04 Jun 2023 01:11:08: 17955212 reads have been read. 
INFO  @ Sun, 04 Jun 2023 01:11:09: #1.2 read input tags... 
INFO  @ Sun, 04 Jun 2023 01:11:12:  1000000 
INFO  @ Sun, 04 Jun 2023 01:11:14:  2000000 
INFO  @ Sun, 04 Jun 2023 01:11:17:  3000000 
INFO  @ Sun, 04 Jun 2023 01:11:19:  4000000 
INFO  @ Sun, 04 Jun 2023 01:11:21:  5000000 
INFO  @ Sun, 04 Jun 2023 01:11:24:  6000000 
INFO  @ Sun, 04 Jun 2023 01:11:26:  7000000 
INFO  @ Sun, 04 Jun 2023 01:11:29:  8000000 
INFO  @ Sun, 04 Jun 2023 01:11:31:  9000000 
INFO  @ Sun, 04 Jun 2023 01:11:33:  10000000 
INFO  @ Sun, 04 Jun 2023 01:11:35:  11000000 
INFO  @ Sun, 04 Jun 2023 01:11:37:  12000000 
INFO  @ Sun, 04 Jun 2023 01:11:40:  13000000 
INFO  @ Sun, 04 Jun 2023 01:11:42:  14000000 
INFO  @ Sun, 04 Jun 2023 01:11:44:  15000000 
INFO  @ Sun, 04 Jun 2023 01:11:47:  16000000 
INFO  @ Sun, 04 Jun 2023 01:11:49:  17000000 
INFO  @ Sun, 04 Jun 2023 01:11:51:  18000000 
INFO  @ Sun, 04 Jun 2023 01:11:54:  19000000 
INFO  @ Sun, 04 Jun 2023 01:11:55: 19309861 reads have been read. 
INFO  @ Sun, 04 Jun 2023 01:11:55: #1 tag size is determined as 68 bps 
INFO  @ Sun, 04 Jun 2023 01:11:55: #1 tag size = 68.0 
INFO  @ Sun, 04 Jun 2023 01:11:55: #1  total tags in treatment: 50199226 
INFO  @ Sun, 04 Jun 2023 01:11:55: #1  total tags in control: 19309861 
INFO  @ Sun, 04 Jun 2023 01:11:55: #1 finished! 
INFO  @ Sun, 04 Jun 2023 01:11:55: #2 Build Peak Model... 
INFO  @ Sun, 04 Jun 2023 01:11:55: #2 looking for paired plus/minus strand peaks... 
INFO  @ Sun, 04 Jun 2023 01:12:05: #2 number of paired peaks: 103117 
INFO  @ Sun, 04 Jun 2023 01:12:05: start model_add_line... 
INFO  @ Sun, 04 Jun 2023 01:12:12: start X-correlation... 
INFO  @ Sun, 04 Jun 2023 01:12:12: end of X-cor 
INFO  @ Sun, 04 Jun 2023 01:12:12: #2 finished! 
INFO  @ Sun, 04 Jun 2023 01:12:12: #2 predicted fragment length is 230 bps 
INFO  @ Sun, 04 Jun 2023 01:12:12: #2 alternative fragment length(s) may be 230 bps 
INFO  @ Sun, 04 Jun 2023 01:12:12: #2.2 Generate R script for model : output/macs2/H3K27ac/E2DHT_merged_model.r 
INFO  @ Sun, 04 Jun 2023 01:12:12: #3 Call peaks... 
INFO  @ Sun, 04 Jun 2023 01:12:12: #3 Pre-compute pvalue-qvalue table... 
INFO  @ Sun, 04 Jun 2023 01:14:12: #3 In the peak calling step, the following will be performed simultaneously: 
INFO  @ Sun, 04 Jun 2023 01:14:12: #3   Write bedGraph files for treatment pileup (after scaling if necessary)... E2DHT_merged_treat_pileup.bdg 
INFO  @ Sun, 04 Jun 2023 01:14:12: #3   Write bedGraph files for control lambda (after scaling if necessary)... E2DHT_merged_control_lambda.bdg 
INFO  @ Sun, 04 Jun 2023 01:14:12: #3   --SPMR is requested, so pileup will be normalized by sequencing depth in million reads. 
INFO  @ Sun, 04 Jun 2023 01:14:12: #3 Call peaks for each chromosome... 
INFO  @ Sun, 04 Jun 2023 01:16:16: #4 Write output xls file... output/macs2/H3K27ac/E2DHT_merged_peaks.xls 
INFO  @ Sun, 04 Jun 2023 01:16:16: #4 Write peak in narrowPeak format file... output/macs2/H3K27ac/E2DHT_merged_peaks.narrowPeak 
INFO  @ Sun, 04 Jun 2023 01:16:16: #4 Write summits bed file... output/macs2/H3K27ac/E2DHT_merged_summits.bed 
INFO  @ Sun, 04 Jun 2023 01:16:16: Done! 
