INFO  @ Thu, 06 Jul 2023 22:55:20: 
# Command line: callpeak -t data/deduplicated/SRR8315177.sorted.bam -c data/deduplicated/SRR8315192.sorted.bam -f BAM --bdg --SPMR -g hs --keep-dup all -q 0.05 -n SRR8315177 --outdir output/macs2/SRR8315177
# ARGUMENTS LIST:
# name = SRR8315177
# format = BAM
# ChIP-seq file = ['data/deduplicated/SRR8315177.sorted.bam']
# control file = ['data/deduplicated/SRR8315192.sorted.bam']
# effective genome size = 2.70e+09
# band width = 300
# model fold = [5, 50]
# qvalue cutoff = 5.00e-02
# The maximum gap between significant sites is assigned as the read length/tag size.
# The minimum length of peaks is assigned as the predicted fragment length "d".
# Larger dataset will be scaled towards smaller dataset.
# Range for calculating regional lambda is: 1000 bps and 10000 bps
# Broad region calling is off
# Paired-End mode is off
# MACS will save fragment pileup signal per million reads
 
INFO  @ Thu, 06 Jul 2023 22:55:20: #1 read tag files... 
INFO  @ Thu, 06 Jul 2023 22:55:20: #1 read treatment tags... 
INFO  @ Thu, 06 Jul 2023 22:55:22:  1000000 
INFO  @ Thu, 06 Jul 2023 22:55:24:  2000000 
INFO  @ Thu, 06 Jul 2023 22:55:25:  3000000 
INFO  @ Thu, 06 Jul 2023 22:55:27:  4000000 
INFO  @ Thu, 06 Jul 2023 22:55:29:  5000000 
INFO  @ Thu, 06 Jul 2023 22:55:31:  6000000 
INFO  @ Thu, 06 Jul 2023 22:55:33:  7000000 
INFO  @ Thu, 06 Jul 2023 22:55:34:  8000000 
INFO  @ Thu, 06 Jul 2023 22:55:36:  9000000 
INFO  @ Thu, 06 Jul 2023 22:55:38:  10000000 
INFO  @ Thu, 06 Jul 2023 22:55:40:  11000000 
INFO  @ Thu, 06 Jul 2023 22:55:42:  12000000 
INFO  @ Thu, 06 Jul 2023 22:55:44:  13000000 
INFO  @ Thu, 06 Jul 2023 22:55:45:  14000000 
INFO  @ Thu, 06 Jul 2023 22:55:47:  15000000 
INFO  @ Thu, 06 Jul 2023 22:55:49:  16000000 
INFO  @ Thu, 06 Jul 2023 22:55:51:  17000000 
INFO  @ Thu, 06 Jul 2023 22:55:51: 17173150 reads have been read. 
INFO  @ Thu, 06 Jul 2023 22:55:51: #1.2 read input tags... 
INFO  @ Thu, 06 Jul 2023 22:55:53:  1000000 
INFO  @ Thu, 06 Jul 2023 22:55:55:  2000000 
INFO  @ Thu, 06 Jul 2023 22:55:57:  3000000 
INFO  @ Thu, 06 Jul 2023 22:55:59:  4000000 
INFO  @ Thu, 06 Jul 2023 22:56:00:  5000000 
INFO  @ Thu, 06 Jul 2023 22:56:02:  6000000 
INFO  @ Thu, 06 Jul 2023 22:56:04:  7000000 
INFO  @ Thu, 06 Jul 2023 22:56:06:  8000000 
INFO  @ Thu, 06 Jul 2023 22:56:08:  9000000 
INFO  @ Thu, 06 Jul 2023 22:56:09:  10000000 
INFO  @ Thu, 06 Jul 2023 22:56:11:  11000000 
INFO  @ Thu, 06 Jul 2023 22:56:13:  12000000 
INFO  @ Thu, 06 Jul 2023 22:56:15:  13000000 
INFO  @ Thu, 06 Jul 2023 22:56:17:  14000000 
INFO  @ Thu, 06 Jul 2023 22:56:18:  15000000 
INFO  @ Thu, 06 Jul 2023 22:56:20:  16000000 
INFO  @ Thu, 06 Jul 2023 22:56:22:  17000000 
INFO  @ Thu, 06 Jul 2023 22:56:24:  18000000 
INFO  @ Thu, 06 Jul 2023 22:56:26:  19000000 
INFO  @ Thu, 06 Jul 2023 22:56:26: 19309861 reads have been read. 
INFO  @ Thu, 06 Jul 2023 22:56:26: #1 tag size is determined as 71 bps 
INFO  @ Thu, 06 Jul 2023 22:56:26: #1 tag size = 71.0 
INFO  @ Thu, 06 Jul 2023 22:56:26: #1  total tags in treatment: 17173150 
INFO  @ Thu, 06 Jul 2023 22:56:26: #1  total tags in control: 19309861 
INFO  @ Thu, 06 Jul 2023 22:56:26: #1 finished! 
INFO  @ Thu, 06 Jul 2023 22:56:26: #2 Build Peak Model... 
INFO  @ Thu, 06 Jul 2023 22:56:26: #2 looking for paired plus/minus strand peaks... 
INFO  @ Thu, 06 Jul 2023 22:56:28: #2 number of paired peaks: 18205 
INFO  @ Thu, 06 Jul 2023 22:56:28: start model_add_line... 
INFO  @ Thu, 06 Jul 2023 22:56:28: start X-correlation... 
INFO  @ Thu, 06 Jul 2023 22:56:28: end of X-cor 
INFO  @ Thu, 06 Jul 2023 22:56:28: #2 finished! 
INFO  @ Thu, 06 Jul 2023 22:56:28: #2 predicted fragment length is 187 bps 
INFO  @ Thu, 06 Jul 2023 22:56:28: #2 alternative fragment length(s) may be 187 bps 
INFO  @ Thu, 06 Jul 2023 22:56:28: #2.2 Generate R script for model : output/macs2/SRR8315177/SRR8315177_model.r 
INFO  @ Thu, 06 Jul 2023 22:56:28: #3 Call peaks... 
INFO  @ Thu, 06 Jul 2023 22:56:28: #3 Pre-compute pvalue-qvalue table... 
INFO  @ Thu, 06 Jul 2023 22:57:32: #3 In the peak calling step, the following will be performed simultaneously: 
INFO  @ Thu, 06 Jul 2023 22:57:32: #3   Write bedGraph files for treatment pileup (after scaling if necessary)... SRR8315177_treat_pileup.bdg 
INFO  @ Thu, 06 Jul 2023 22:57:32: #3   Write bedGraph files for control lambda (after scaling if necessary)... SRR8315177_control_lambda.bdg 
INFO  @ Thu, 06 Jul 2023 22:57:32: #3   --SPMR is requested, so pileup will be normalized by sequencing depth in million reads. 
INFO  @ Thu, 06 Jul 2023 22:57:32: #3 Call peaks for each chromosome... 
INFO  @ Thu, 06 Jul 2023 22:58:39: #4 Write output xls file... output/macs2/SRR8315177/SRR8315177_peaks.xls 
INFO  @ Thu, 06 Jul 2023 22:58:39: #4 Write peak in narrowPeak format file... output/macs2/SRR8315177/SRR8315177_peaks.narrowPeak 
INFO  @ Thu, 06 Jul 2023 22:58:39: #4 Write summits bed file... output/macs2/SRR8315177/SRR8315177_summits.bed 
INFO  @ Thu, 06 Jul 2023 22:58:39: Done! 
