INFO  @ Fri, 23 Jun 2023 12:09:41: 
# Command line: callpeak -t data/deduplicated/SRR8315176.sorted.bam -c data/deduplicated/SRR8315192.sorted.bam -f BAM --bdg --SPMR -g hs --keep-dup all -q 0.05 -n SRR8315176 --outdir output/macs2/SRR8315176
# ARGUMENTS LIST:
# name = SRR8315176
# format = BAM
# ChIP-seq file = ['data/deduplicated/SRR8315176.sorted.bam']
# control file = ['data/deduplicated/SRR8315192.sorted.bam']
# effective genome size = 2.70e+09
# band width = 300
# model fold = [5, 50]
# qvalue cutoff = 5.00e-02
# The maximum gap between significant sites is assigned as the read length/tag size.
# The minimum length of peaks is assigned as the predicted fragment length "d".
# Larger dataset will be scaled towards smaller dataset.
# Range for calculating regional lambda is: 1000 bps and 10000 bps
# Broad region calling is off
# Paired-End mode is off
# MACS will save fragment pileup signal per million reads
 
INFO  @ Fri, 23 Jun 2023 12:09:41: #1 read tag files... 
INFO  @ Fri, 23 Jun 2023 12:09:41: #1 read treatment tags... 
INFO  @ Fri, 23 Jun 2023 12:09:43:  1000000 
INFO  @ Fri, 23 Jun 2023 12:09:44:  2000000 
INFO  @ Fri, 23 Jun 2023 12:09:46:  3000000 
INFO  @ Fri, 23 Jun 2023 12:09:48:  4000000 
INFO  @ Fri, 23 Jun 2023 12:09:50:  5000000 
INFO  @ Fri, 23 Jun 2023 12:09:52:  6000000 
INFO  @ Fri, 23 Jun 2023 12:09:54:  7000000 
INFO  @ Fri, 23 Jun 2023 12:09:55:  8000000 
INFO  @ Fri, 23 Jun 2023 12:09:57:  9000000 
INFO  @ Fri, 23 Jun 2023 12:09:59:  10000000 
INFO  @ Fri, 23 Jun 2023 12:10:01:  11000000 
INFO  @ Fri, 23 Jun 2023 12:10:03:  12000000 
INFO  @ Fri, 23 Jun 2023 12:10:05:  13000000 
INFO  @ Fri, 23 Jun 2023 12:10:06: 13930124 reads have been read. 
INFO  @ Fri, 23 Jun 2023 12:10:06: #1.2 read input tags... 
INFO  @ Fri, 23 Jun 2023 12:10:08:  1000000 
INFO  @ Fri, 23 Jun 2023 12:10:10:  2000000 
INFO  @ Fri, 23 Jun 2023 12:10:12:  3000000 
INFO  @ Fri, 23 Jun 2023 12:10:14:  4000000 
INFO  @ Fri, 23 Jun 2023 12:10:15:  5000000 
INFO  @ Fri, 23 Jun 2023 12:10:17:  6000000 
INFO  @ Fri, 23 Jun 2023 12:10:19:  7000000 
INFO  @ Fri, 23 Jun 2023 12:10:21:  8000000 
INFO  @ Fri, 23 Jun 2023 12:10:23:  9000000 
INFO  @ Fri, 23 Jun 2023 12:10:24:  10000000 
INFO  @ Fri, 23 Jun 2023 12:10:26:  11000000 
INFO  @ Fri, 23 Jun 2023 12:10:28:  12000000 
INFO  @ Fri, 23 Jun 2023 12:10:30:  13000000 
INFO  @ Fri, 23 Jun 2023 12:10:32:  14000000 
INFO  @ Fri, 23 Jun 2023 12:10:33:  15000000 
INFO  @ Fri, 23 Jun 2023 12:10:35:  16000000 
INFO  @ Fri, 23 Jun 2023 12:10:37:  17000000 
INFO  @ Fri, 23 Jun 2023 12:10:39:  18000000 
INFO  @ Fri, 23 Jun 2023 12:10:41:  19000000 
INFO  @ Fri, 23 Jun 2023 12:10:41: 19309861 reads have been read. 
INFO  @ Fri, 23 Jun 2023 12:10:41: #1 tag size is determined as 72 bps 
INFO  @ Fri, 23 Jun 2023 12:10:41: #1 tag size = 72.0 
INFO  @ Fri, 23 Jun 2023 12:10:41: #1  total tags in treatment: 13930124 
INFO  @ Fri, 23 Jun 2023 12:10:41: #1  total tags in control: 19309861 
INFO  @ Fri, 23 Jun 2023 12:10:41: #1 finished! 
INFO  @ Fri, 23 Jun 2023 12:10:41: #2 Build Peak Model... 
INFO  @ Fri, 23 Jun 2023 12:10:41: #2 looking for paired plus/minus strand peaks... 
INFO  @ Fri, 23 Jun 2023 12:10:43: #2 number of paired peaks: 3455 
INFO  @ Fri, 23 Jun 2023 12:10:43: start model_add_line... 
INFO  @ Fri, 23 Jun 2023 12:10:43: start X-correlation... 
INFO  @ Fri, 23 Jun 2023 12:10:43: end of X-cor 
INFO  @ Fri, 23 Jun 2023 12:10:43: #2 finished! 
INFO  @ Fri, 23 Jun 2023 12:10:43: #2 predicted fragment length is 78 bps 
INFO  @ Fri, 23 Jun 2023 12:10:43: #2 alternative fragment length(s) may be 78,140 bps 
INFO  @ Fri, 23 Jun 2023 12:10:43: #2.2 Generate R script for model : output/macs2/SRR8315176/SRR8315176_model.r 
WARNING @ Fri, 23 Jun 2023 12:10:43: #2 Since the d (78) calculated from paired-peaks are smaller than 2*tag length, it may be influenced by unknown sequencing problem! 
WARNING @ Fri, 23 Jun 2023 12:10:43: #2 You may need to consider one of the other alternative d(s): 78,140 
WARNING @ Fri, 23 Jun 2023 12:10:43: #2 You can restart the process with --nomodel --extsize XXX with your choice or an arbitrary number. Nontheless, MACS will continute computing. 
INFO  @ Fri, 23 Jun 2023 12:10:43: #3 Call peaks... 
INFO  @ Fri, 23 Jun 2023 12:10:43: #3 Pre-compute pvalue-qvalue table... 
INFO  @ Fri, 23 Jun 2023 12:11:42: #3 In the peak calling step, the following will be performed simultaneously: 
INFO  @ Fri, 23 Jun 2023 12:11:42: #3   Write bedGraph files for treatment pileup (after scaling if necessary)... SRR8315176_treat_pileup.bdg 
INFO  @ Fri, 23 Jun 2023 12:11:42: #3   Write bedGraph files for control lambda (after scaling if necessary)... SRR8315176_control_lambda.bdg 
INFO  @ Fri, 23 Jun 2023 12:11:42: #3   --SPMR is requested, so pileup will be normalized by sequencing depth in million reads. 
INFO  @ Fri, 23 Jun 2023 12:11:42: #3 Call peaks for each chromosome... 
INFO  @ Fri, 23 Jun 2023 12:12:47: #4 Write output xls file... output/macs2/SRR8315176/SRR8315176_peaks.xls 
INFO  @ Fri, 23 Jun 2023 12:12:47: #4 Write peak in narrowPeak format file... output/macs2/SRR8315176/SRR8315176_peaks.narrowPeak 
INFO  @ Fri, 23 Jun 2023 12:12:47: #4 Write summits bed file... output/macs2/SRR8315176/SRR8315176_summits.bed 
INFO  @ Fri, 23 Jun 2023 12:12:47: Done! 
