[2023-06-04 00:10:17,594] multiqc                                            [DEBUG  ]  This is MultiQC v1.14 (d8be740)
[2023-06-04 00:10:17,595] multiqc                                            [DEBUG  ]  Command used: /Users/stevieped/DRMCRL/PRJNA509779/.snakemake/conda/8c030fd065c09e541e6f4c670db5b46e_/bin/multiqc --force -o docs/qc/raw -n multiqc.html docs/qc/raw/SRR8315189_fastqc.zip docs/qc/raw/SRR8315181_fastqc.zip docs/qc/raw/SRR8315176_fastqc.zip docs/qc/raw/SRR8315179_fastqc.zip docs/qc/raw/SRR8315178_fastqc.zip docs/qc/raw/SRR8315191_fastqc.zip docs/qc/raw/SRR8315177_fastqc.zip docs/qc/raw/SRR8315180_fastqc.zip docs/qc/raw/SRR8315184_fastqc.zip docs/qc/raw/SRR8315186_fastqc.zip docs/qc/raw/SRR8315183_fastqc.zip docs/qc/raw/SRR8315185_fastqc.zip docs/qc/raw/SRR8315187_fastqc.zip docs/qc/raw/SRR8315175_fastqc.zip docs/qc/raw/SRR8315182_fastqc.zip docs/qc/raw/SRR8315190_fastqc.zip docs/qc/raw/SRR8315188_fastqc.zip docs/qc/raw/SRR8315174_fastqc.zip docs/qc/raw/SRR8315192_fastqc.zip
[2023-06-04 00:10:18,119] multiqc                                            [DEBUG  ]  Latest MultiQC version is v1.14
[2023-06-04 00:10:18,119] multiqc                                            [DEBUG  ]  Working dir : /Users/stevieped/DRMCRL/PRJNA509779
[2023-06-04 00:10:18,119] multiqc                                            [DEBUG  ]  Template    : default
[2023-06-04 00:10:18,119] multiqc                                            [DEBUG  ]  Running Python 3.11.3 | packaged by conda-forge | (main, Apr  6 2023, 09:05:00) [Clang 14.0.6 ]
[2023-06-04 00:10:18,120] multiqc                                            [DEBUG  ]  Analysing modules: custom_content, ccs, ngsderive, purple, conpair, lima, peddy, somalier, methylQA, mosdepth, phantompeakqualtools, qualimap, preseq, hifiasm, quast, qorts, rna_seqc, rockhopper, rsem, rseqc, busco, bustools, goleft_indexcov, gffcompare, disambiguate, supernova, deeptools, sargasso, verifybamid, mirtrace, happy, mirtop, sambamba, gopeaks, homer, hops, macs2, theta2, snpeff, gatk, htseq, bcftools, featureCounts, fgbio, dragen, dragen_fastqc, dedup, pbmarkdup, damageprofiler, biobambam2, jcvi, mtnucratio, picard, vep, sentieon, prokka, qc3C, nanostat, samblaster, samtools, sexdeterrmine, eigenstratdatabasetools, bamtools, jellyfish, vcftools, longranger, stacks, varscan2, snippy, umitools, bbmap, bismark, biscuit, diamond, hicexplorer, hicup, hicpro, salmon, kallisto, slamdunk, star, hisat2, tophat, bowtie2, bowtie1, cellranger, snpsplit, odgi, pangolin, nextclade, humid, kat, leehom, adapterRemoval, bbduk, clipandmerge, cutadapt, flexbar, kaiju, kraken, malt, motus, trimmomatic, sickle, skewer, sortmerna, biobloomtools, fastq_screen, afterqc, fastp, fastqc, filtlong, prinseqplusplus, pychopper, porechop, pycoqc, minionqc, anglerfish, multivcfanalyzer, clusterflow, checkqc, bcl2fastq, bclconvert, interop, ivar, flash, seqyclean, optitype, whatshap
[2023-06-04 00:10:18,120] multiqc                                            [DEBUG  ]  Using temporary directory for creating report: /var/folders/k2/7hsc_ykn3d97p7cvjkq8_lk40000h0/T/tmpz_4nktie
[2023-06-04 00:10:18,169] multiqc                                            [INFO   ]  Search path : /Users/stevieped/DRMCRL/PRJNA509779/docs/qc/raw/SRR8315189_fastqc.zip
[2023-06-04 00:10:18,169] multiqc                                            [INFO   ]  Search path : /Users/stevieped/DRMCRL/PRJNA509779/docs/qc/raw/SRR8315181_fastqc.zip
[2023-06-04 00:10:18,169] multiqc                                            [INFO   ]  Search path : /Users/stevieped/DRMCRL/PRJNA509779/docs/qc/raw/SRR8315176_fastqc.zip
[2023-06-04 00:10:18,169] multiqc                                            [INFO   ]  Search path : /Users/stevieped/DRMCRL/PRJNA509779/docs/qc/raw/SRR8315179_fastqc.zip
[2023-06-04 00:10:18,169] multiqc                                            [INFO   ]  Search path : /Users/stevieped/DRMCRL/PRJNA509779/docs/qc/raw/SRR8315178_fastqc.zip
[2023-06-04 00:10:18,169] multiqc                                            [INFO   ]  Search path : /Users/stevieped/DRMCRL/PRJNA509779/docs/qc/raw/SRR8315191_fastqc.zip
[2023-06-04 00:10:18,170] multiqc                                            [INFO   ]  Search path : /Users/stevieped/DRMCRL/PRJNA509779/docs/qc/raw/SRR8315177_fastqc.zip
[2023-06-04 00:10:18,170] multiqc                                            [INFO   ]  Search path : /Users/stevieped/DRMCRL/PRJNA509779/docs/qc/raw/SRR8315180_fastqc.zip
[2023-06-04 00:10:18,170] multiqc                                            [INFO   ]  Search path : /Users/stevieped/DRMCRL/PRJNA509779/docs/qc/raw/SRR8315184_fastqc.zip
[2023-06-04 00:10:18,170] multiqc                                            [INFO   ]  Search path : /Users/stevieped/DRMCRL/PRJNA509779/docs/qc/raw/SRR8315186_fastqc.zip
[2023-06-04 00:10:18,170] multiqc                                            [INFO   ]  Search path : /Users/stevieped/DRMCRL/PRJNA509779/docs/qc/raw/SRR8315183_fastqc.zip
[2023-06-04 00:10:18,170] multiqc                                            [INFO   ]  Search path : /Users/stevieped/DRMCRL/PRJNA509779/docs/qc/raw/SRR8315185_fastqc.zip
[2023-06-04 00:10:18,170] multiqc                                            [INFO   ]  Search path : /Users/stevieped/DRMCRL/PRJNA509779/docs/qc/raw/SRR8315187_fastqc.zip
[2023-06-04 00:10:18,170] multiqc                                            [INFO   ]  Search path : /Users/stevieped/DRMCRL/PRJNA509779/docs/qc/raw/SRR8315175_fastqc.zip
[2023-06-04 00:10:18,170] multiqc                                            [INFO   ]  Search path : /Users/stevieped/DRMCRL/PRJNA509779/docs/qc/raw/SRR8315182_fastqc.zip
[2023-06-04 00:10:18,170] multiqc                                            [INFO   ]  Search path : /Users/stevieped/DRMCRL/PRJNA509779/docs/qc/raw/SRR8315190_fastqc.zip
[2023-06-04 00:10:18,170] multiqc                                            [INFO   ]  Search path : /Users/stevieped/DRMCRL/PRJNA509779/docs/qc/raw/SRR8315188_fastqc.zip
[2023-06-04 00:10:18,170] multiqc                                            [INFO   ]  Search path : /Users/stevieped/DRMCRL/PRJNA509779/docs/qc/raw/SRR8315174_fastqc.zip
[2023-06-04 00:10:18,170] multiqc                                            [INFO   ]  Search path : /Users/stevieped/DRMCRL/PRJNA509779/docs/qc/raw/SRR8315192_fastqc.zip
[2023-06-04 00:10:18,190] multiqc                                            [DEBUG  ]  Summary of files that were skipped by the search: []
[2023-06-04 00:10:24,774] multiqc.plots.bargraph                             [DEBUG  ]  Using matplotlib version 3.7.1
[2023-06-04 00:10:24,776] multiqc.plots.linegraph                            [DEBUG  ]  Using matplotlib version 3.7.1
[2023-06-04 00:10:24,778] multiqc                                            [DEBUG  ]  No samples found: custom_content
[2023-06-04 00:10:24,828] multiqc.modules.fastqc.fastqc                      [INFO   ]  Found 19 reports
[2023-06-04 00:10:25,129] multiqc                                            [INFO   ]  Compressing plot data
[2023-06-04 00:10:25,415] multiqc                                            [WARNING]  Deleting    : docs/qc/raw/multiqc_data   (-f was specified)
[2023-06-04 00:10:25,417] multiqc                                            [INFO   ]  Report      : docs/qc/raw/multiqc.html
[2023-06-04 00:10:25,418] multiqc                                            [INFO   ]  Data        : docs/qc/raw/multiqc_data
[2023-06-04 00:10:25,418] multiqc                                            [DEBUG  ]  Moving data file from '/var/folders/k2/7hsc_ykn3d97p7cvjkq8_lk40000h0/T/tmpz_4nktie/multiqc_data' to 'docs/qc/raw/multiqc_data'
[2023-06-04 00:10:25,527] multiqc                                            [INFO   ]  MultiQC complete
