[2023-06-03 13:19:33,094] multiqc                                            [DEBUG  ]  This is MultiQC v1.14
[2023-06-03 13:19:33,099] multiqc                                            [DEBUG  ]  Command used: /data/tki_bodl/pederson/envs/3f79a4280aa43bac8568142a03e2b5dd_/bin/multiqc --force -o docs/qc/trimmed -n multiqc.html docs/qc/trimmed/SRR8315183_fastqc.zip docs/qc/trimmed/SRR8315185_fastqc.zip docs/qc/trimmed/SRR8315180_fastqc.zip docs/qc/trimmed/SRR8315182_fastqc.zip docs/qc/trimmed/SRR8315181_fastqc.zip docs/qc/trimmed/SRR8315184_fastqc.zip docs/qc/trimmed/SRR8315192_fastqc.zip
[2023-06-03 13:19:38,200] multiqc                                            [DEBUG  ]  Could not connect to multiqc.info for version check: <urlopen error timed out>
[2023-06-03 13:19:38,202] multiqc                                            [DEBUG  ]  Working dir : /data/tki_bodl/pederson/PRJNA509779
[2023-06-03 13:19:38,202] multiqc                                            [DEBUG  ]  Template    : default
[2023-06-03 13:19:38,202] multiqc                                            [DEBUG  ]  Running Python 3.11.3 | packaged by conda-forge | (main, Apr  6 2023, 08:57:19) [GCC 11.3.0]
[2023-06-03 13:19:38,204] multiqc                                            [DEBUG  ]  Analysing modules: custom_content, ccs, ngsderive, purple, conpair, lima, peddy, somalier, methylQA, mosdepth, phantompeakqualtools, qualimap, preseq, hifiasm, quast, qorts, rna_seqc, rockhopper, rsem, rseqc, busco, bustools, goleft_indexcov, gffcompare, disambiguate, supernova, deeptools, sargasso, verifybamid, mirtrace, happy, mirtop, sambamba, gopeaks, homer, hops, macs2, theta2, snpeff, gatk, htseq, bcftools, featureCounts, fgbio, dragen, dragen_fastqc, dedup, pbmarkdup, damageprofiler, biobambam2, jcvi, mtnucratio, picard, vep, sentieon, prokka, qc3C, nanostat, samblaster, samtools, sexdeterrmine, eigenstratdatabasetools, bamtools, jellyfish, vcftools, longranger, stacks, varscan2, snippy, umitools, bbmap, bismark, biscuit, diamond, hicexplorer, hicup, hicpro, salmon, kallisto, slamdunk, star, hisat2, tophat, bowtie2, bowtie1, cellranger, snpsplit, odgi, pangolin, nextclade, humid, kat, leehom, adapterRemoval, bbduk, clipandmerge, cutadapt, flexbar, kaiju, kraken, malt, motus, trimmomatic, sickle, skewer, sortmerna, biobloomtools, fastq_screen, afterqc, fastp, fastqc, filtlong, prinseqplusplus, pychopper, porechop, pycoqc, minionqc, anglerfish, multivcfanalyzer, clusterflow, checkqc, bcl2fastq, bclconvert, interop, ivar, flash, seqyclean, optitype, whatshap
[2023-06-03 13:19:38,212] multiqc                                            [DEBUG  ]  Using temporary directory for creating report: /tmp/.tmpdir.49408832/tmpp33dst98
[2023-06-03 13:19:38,597] multiqc                                            [INFO   ]  Search path : /data/tki_bodl/pederson/PRJNA509779/docs/qc/trimmed/SRR8315183_fastqc.zip
[2023-06-03 13:19:38,597] multiqc                                            [INFO   ]  Search path : /data/tki_bodl/pederson/PRJNA509779/docs/qc/trimmed/SRR8315185_fastqc.zip
[2023-06-03 13:19:38,598] multiqc                                            [INFO   ]  Search path : /data/tki_bodl/pederson/PRJNA509779/docs/qc/trimmed/SRR8315180_fastqc.zip
[2023-06-03 13:19:38,598] multiqc                                            [INFO   ]  Search path : /data/tki_bodl/pederson/PRJNA509779/docs/qc/trimmed/SRR8315182_fastqc.zip
[2023-06-03 13:19:38,598] multiqc                                            [INFO   ]  Search path : /data/tki_bodl/pederson/PRJNA509779/docs/qc/trimmed/SRR8315181_fastqc.zip
[2023-06-03 13:19:38,599] multiqc                                            [INFO   ]  Search path : /data/tki_bodl/pederson/PRJNA509779/docs/qc/trimmed/SRR8315184_fastqc.zip
[2023-06-03 13:19:38,599] multiqc                                            [INFO   ]  Search path : /data/tki_bodl/pederson/PRJNA509779/docs/qc/trimmed/SRR8315192_fastqc.zip
[2023-06-03 13:19:38,695] multiqc                                            [DEBUG  ]  Summary of files that were skipped by the search: []
[2023-06-03 13:19:41,622] multiqc.plots.bargraph                             [DEBUG  ]  Using matplotlib version 3.7.1
[2023-06-03 13:19:41,632] multiqc.plots.linegraph                            [DEBUG  ]  Using matplotlib version 3.7.1
[2023-06-03 13:19:41,638] multiqc                                            [DEBUG  ]  No samples found: custom_content
[2023-06-03 13:19:41,779] multiqc.modules.fastqc.fastqc                      [INFO   ]  Found 7 reports
[2023-06-03 13:19:42,721] multiqc                                            [INFO   ]  Compressing plot data
[2023-06-03 13:19:43,280] multiqc                                            [WARNING]  Deleting    : docs/qc/trimmed/multiqc_data   (-f was specified)
[2023-06-03 13:19:43,314] multiqc                                            [INFO   ]  Report      : docs/qc/trimmed/multiqc.html
[2023-06-03 13:19:43,315] multiqc                                            [INFO   ]  Data        : docs/qc/trimmed/multiqc_data
[2023-06-03 13:19:43,315] multiqc                                            [DEBUG  ]  Moving data file from '/tmp/.tmpdir.49408832/tmpp33dst98/multiqc_data' to 'docs/qc/trimmed/multiqc_data'
[2023-06-03 13:19:44,951] multiqc                                            [INFO   ]  MultiQC complete
