[2023-05-27 00:50:40,767] multiqc                                            [DEBUG  ]  This is MultiQC v1.14
[2023-05-27 00:50:40,777] multiqc                                            [DEBUG  ]  Command used: /data/tki_bodl/pederson/envs/3f79a4280aa43bac8568142a03e2b5dd_/bin/multiqc --force -o output/qc/trimmed -n multiqc.html output/qc/trimmed/SRR8315182_fastqc.zip output/qc/trimmed/SRR8315181_fastqc.zip output/qc/trimmed/SRR8315180_fastqc.zip output/qc/trimmed/SRR8315192_fastqc.zip
[2023-05-27 00:50:45,952] multiqc                                            [DEBUG  ]  Could not connect to multiqc.info for version check: <urlopen error timed out>
[2023-05-27 00:50:45,953] multiqc                                            [DEBUG  ]  Working dir : /data/tki_bodl/pederson/prepareChIPs
[2023-05-27 00:50:45,953] multiqc                                            [DEBUG  ]  Template    : default
[2023-05-27 00:50:45,953] multiqc                                            [DEBUG  ]  Running Python 3.11.3 | packaged by conda-forge | (main, Apr  6 2023, 08:57:19) [GCC 11.3.0]
[2023-05-27 00:50:45,955] multiqc                                            [DEBUG  ]  Analysing modules: custom_content, ccs, ngsderive, purple, conpair, lima, peddy, somalier, methylQA, mosdepth, phantompeakqualtools, qualimap, preseq, hifiasm, quast, qorts, rna_seqc, rockhopper, rsem, rseqc, busco, bustools, goleft_indexcov, gffcompare, disambiguate, supernova, deeptools, sargasso, verifybamid, mirtrace, happy, mirtop, sambamba, gopeaks, homer, hops, macs2, theta2, snpeff, gatk, htseq, bcftools, featureCounts, fgbio, dragen, dragen_fastqc, dedup, pbmarkdup, damageprofiler, biobambam2, jcvi, mtnucratio, picard, vep, sentieon, prokka, qc3C, nanostat, samblaster, samtools, sexdeterrmine, eigenstratdatabasetools, bamtools, jellyfish, vcftools, longranger, stacks, varscan2, snippy, umitools, bbmap, bismark, biscuit, diamond, hicexplorer, hicup, hicpro, salmon, kallisto, slamdunk, star, hisat2, tophat, bowtie2, bowtie1, cellranger, snpsplit, odgi, pangolin, nextclade, humid, kat, leehom, adapterRemoval, bbduk, clipandmerge, cutadapt, flexbar, kaiju, kraken, malt, motus, trimmomatic, sickle, skewer, sortmerna, biobloomtools, fastq_screen, afterqc, fastp, fastqc, filtlong, prinseqplusplus, pychopper, porechop, pycoqc, minionqc, anglerfish, multivcfanalyzer, clusterflow, checkqc, bcl2fastq, bclconvert, interop, ivar, flash, seqyclean, optitype, whatshap
[2023-05-27 00:50:45,962] multiqc                                            [DEBUG  ]  Using temporary directory for creating report: /tmp/.tmpdir.49362761/tmpwcu4tmp6
[2023-05-27 00:50:46,378] multiqc                                            [INFO   ]  Search path : /data/tki_bodl/pederson/prepareChIPs/output/qc/trimmed/SRR8315182_fastqc.zip
[2023-05-27 00:50:46,379] multiqc                                            [INFO   ]  Search path : /data/tki_bodl/pederson/prepareChIPs/output/qc/trimmed/SRR8315181_fastqc.zip
[2023-05-27 00:50:46,379] multiqc                                            [INFO   ]  Search path : /data/tki_bodl/pederson/prepareChIPs/output/qc/trimmed/SRR8315180_fastqc.zip
[2023-05-27 00:50:46,380] multiqc                                            [INFO   ]  Search path : /data/tki_bodl/pederson/prepareChIPs/output/qc/trimmed/SRR8315192_fastqc.zip
[2023-05-27 00:50:46,460] multiqc                                            [DEBUG  ]  Summary of files that were skipped by the search: []
[2023-05-27 00:50:49,549] multiqc.plots.bargraph                             [DEBUG  ]  Using matplotlib version 3.7.1
[2023-05-27 00:50:49,563] multiqc.plots.linegraph                            [DEBUG  ]  Using matplotlib version 3.7.1
[2023-05-27 00:50:49,571] multiqc                                            [DEBUG  ]  No samples found: custom_content
[2023-05-27 00:50:49,669] multiqc.modules.fastqc.fastqc                      [INFO   ]  Found 4 reports
[2023-05-27 00:50:50,284] multiqc                                            [INFO   ]  Compressing plot data
[2023-05-27 00:50:50,545] multiqc                                            [INFO   ]  Report      : output/qc/trimmed/multiqc.html
[2023-05-27 00:50:50,545] multiqc                                            [INFO   ]  Data        : output/qc/trimmed/multiqc_data
[2023-05-27 00:50:50,546] multiqc                                            [DEBUG  ]  Moving data file from '/tmp/.tmpdir.49362761/tmpwcu4tmp6/multiqc_data' to 'output/qc/trimmed/multiqc_data'
[2023-05-27 00:50:51,915] multiqc                                            [INFO   ]  MultiQC complete
